0 info it worked if it ends with ok
1 verbose cli [ '/root/.nvm/versions/node/v5.6.0/bin/node',
1 verbose cli   '/root/.nvm/versions/node/v5.6.0/bin/npm',
1 verbose cli   'run',
1 verbose cli   'dev' ]
2 info using npm@3.6.0
3 info using node@v5.6.0
4 verbose stack Error: ENOENT: no such file or directory, open '/vagrant/burrow-stats/package.json'
4 verbose stack     at Error (native)
5 verbose cwd /vagrant/burrow-stats
6 error Linux 3.10.0-327.22.2.el7.x86_64
7 error argv "/root/.nvm/versions/node/v5.6.0/bin/node" "/root/.nvm/versions/node/v5.6.0/bin/npm" "run" "dev"
8 error node v5.6.0
9 error npm  v3.6.0
10 error path /vagrant/burrow-stats/package.json
11 error code ENOENT
12 error errno -2
13 error syscall open
14 error enoent ENOENT: no such file or directory, open '/vagrant/burrow-stats/package.json'
15 error enoent ENOENT: no such file or directory, open '/vagrant/burrow-stats/package.json'
15 error enoent This is most likely not a problem with npm itself
15 error enoent and is related to npm not being able to find a file.
16 verbose exit [ -2, true ]
